<?xml version="1.0" encoding="UTF-8"?>
<testsuite xmlns:xsi="http://www.w3.org/2001/XMLSchema-instance" xsi:noNamespaceSchemaLocation="https://maven.apache.org/surefire/maven-surefire-plugin/xsd/surefire-test-report.xsd" name="io.michaelcane.CalculatorSpecTest" time="0.182" tests="19" errors="19" skipped="0" failures="0">
  <properties>
[...]
</properties>
  <testcase name="test$inverseTangent" classname="io.michaelcane.CalculatorSpecTest" time="0.008">
    <error type="java.lang.StackOverflowError">java.lang.StackOverflowError
</error>
  </testcase>
  <testcase name="test$divide" classname="io.michaelcane.CalculatorSpecTest" time="0.001">
    <error type="java.lang.StackOverflowError">java.lang.StackOverflowError
</error>
  </testcase>
  <testcase name="test$multiply" classname="io.michaelcane.CalculatorSpecTest" time="0.01">
    <error type="java.lang.StackOverflowError">java.lang.StackOverflowError
</error>
  </testcase>
  <testcase name="test$sin" classname="io.michaelcane.CalculatorSpecTest" time="0.008">
    <error type="java.lang.StackOverflowError">java.lang.StackOverflowError
</error>
  </testcase>
  <testcase name="test$sum" classname="io.michaelcane.CalculatorSpecTest" time="0.008">
    <error type="java.lang.StackOverflowError">java.lang.StackOverflowError
</error>
  </testcase>
  <testcase name="test$inverseCosin" classname="io.michaelcane.CalculatorSpecTest" time="0.008">
    <error type="java.lang.StackOverflowError">java.lang.StackOverflowError
</error>
  </testcase>
  <testcase name="test$square" classname="io.michaelcane.CalculatorSpecTest" time="0.008">
    <error type="java.lang.StackOverflowError">java.lang.StackOverflowError
</error>
  </testcase>
  <testcase name="test$invertPositiveAndNegative" classname="io.michaelcane.CalculatorSpecTest" time="0.008">
    <error type="java.lang.StackOverflowError">java.lang.StackOverflowError
</error>
  </testcase>
  <testcase name="test$squareRoot" classname="io.michaelcane.CalculatorSpecTest" time="0.008">
    <error type="java.lang.StackOverflowError">java.lang.StackOverflowError
</error>
  </testcase>
  <testcase name="test$inverseLogarithm" classname="io.michaelcane.CalculatorSpecTest" time="0.007">
    <error type="java.lang.StackOverflowError">java.lang.StackOverflowError
</error>
  </testcase>
  <testcase name="test$inverseSine" classname="io.michaelcane.CalculatorSpecTest" time="0.008">
    <error type="java.lang.StackOverflowError">java.lang.StackOverflowError
</error>
  </testcase>
  <testcase name="test$cosin" classname="io.michaelcane.CalculatorSpecTest" time="0.008">
    <error type="java.lang.StackOverflowError">java.lang.StackOverflowError
</error>
  </testcase>
  <testcase name="test$naturalLogarithm" classname="io.michaelcane.CalculatorSpecTest" time="0.007">
    <error type="java.lang.StackOverflowError">java.lang.StackOverflowError
</error>
  </testcase>
  <testcase name="test$logarithm" classname="io.michaelcane.CalculatorSpecTest" time="0.008">
    <error type="java.lang.StackOverflowError">java.lang.StackOverflowError
</error>
  </testcase>
  <testcase name="test$subract" classname="io.michaelcane.CalculatorSpecTest" time="0.008">
    <error type="java.lang.StackOverflowError">java.lang.StackOverflowError
</error>
  </testcase>
  <testcase name="test$variableExponentiation" classname="io.michaelcane.CalculatorSpecTest" time="0.008">
    <error type="java.lang.StackOverflowError">java.lang.StackOverflowError
</error>
  </testcase>
  <testcase name="test$tangent" classname="io.michaelcane.CalculatorSpecTest" time="0.008">
    <error type="java.lang.StackOverflowError">java.lang.StackOverflowError
</error>
  </testcase>
  <testcase name="test$inverseNaturalLog" classname="io.michaelcane.CalculatorSpecTest" time="0.008">
    <error type="java.lang.StackOverflowError">java.lang.StackOverflowError
</error>
  </testcase>
  <testcase name="test$factorial" classname="io.michaelcane.CalculatorSpecTest" time="0.007">
    <error type="java.lang.StackOverflowError">java.lang.StackOverflowError
</error>
  </testcase>
</testsuite>